<?xml version="1.0" encoding="UTF-8"?>
<!-- Generated by org.testng.reporters.JUnitReportReporter -->
<testsuite skipped="0" hostname="DESKTOP-BDJJJOL" name="org.example.testRunner.Runners" tests="1" failures="0" timestamp="2022-08-10T13:28:08 EET" time="112.729" errors="0">
  <testcase name="runScenario" time="112.729" classname="org.example.testRunner.Runners"/>
  <system-out/>
</testsuite> <!-- org.example.testRunner.Runners -->
